0 info it worked if it ends with ok
1 verbose cli [ '/root/programe/node-v0.12.2-linux-x86/bin/node',
1 verbose cli   '/usr/local/bin/npm',
1 verbose cli   'run',
1 verbose cli   'dev' ]
2 info using npm@3.8.9
3 info using node@v6.2.0
4 verbose stack Error: ENOENT: no such file or directory, open '/root/workspace/package.json'
4 verbose stack     at Error (native)
5 verbose cwd /root/workspace/mobile
6 error Linux 2.6.18-194.el5PAE
7 error argv "/root/programe/node-v0.12.2-linux-x86/bin/node" "/usr/local/bin/npm" "run" "dev"
8 error node v6.2.0
9 error npm  v3.8.9
10 error path /root/workspace/package.json
11 error code ENOENT
12 error errno -2
13 error syscall open
14 error enoent ENOENT: no such file or directory, open '/root/workspace/package.json'
15 error enoent ENOENT: no such file or directory, open '/root/workspace/package.json'
15 error enoent This is most likely not a problem with npm itself
15 error enoent and is related to npm not being able to find a file.
16 verbose exit [ -2, true ]
